# JRE version: Java(TM) SE Runtime Environment (8.0_77-b03) (build 1.8.0_77-b03)
# Java VM: Java HotSpot(TM) 64-Bit Server VM (25.77-b03 mixed mode windows-amd64 compressed oops)
Heap:
 PSYoungGen      total 343040K, used 304944K [0x00000000e0000000, 0x0000000100000000, 0x0000000100000000)
  eden space 172544K, 100% used [0x00000000e0000000,0x00000000ea880000,0x00000000ea880000)
  from space 170496K, 77% used [0x00000000f5300000,0x00000000fd44c3a0,0x00000000ff980000)
  to   space 174592K, 36% used [0x00000000ea880000,0x00000000ee6d3280,0x00000000f5300000)
 ParOldGen       total 563712K, used 544000K [0x00000000a0000000, 0x00000000c2680000, 0x00000000e0000000)
  object space 563712K, 96% used [0x00000000a0000000,0x00000000c1340138,0x00000000c2680000)
 Metaspace       used 83602K, capacity 88348K, committed 88536K, reserved 1126400K
  class space    used 10598K, capacity 11510K, committed 11520K, reserved 1048576K
GC Heap History (10 events):
Event: 495.891 GC heap after
Heap after GC invocations=77 (full 9):
 PSYoungGen      total 349696K, used 16607K [0x00000000e0000000, 0x0000000100000000, 0x0000000100000000)
  eden space 175104K, 0% used [0x00000000e0000000,0x00000000e0000000,0x00000000eab00000)
  from space 174592K, 9% used [0x00000000f5580000,0x00000000f65b7d30,0x0000000100000000)
  to   space 174592K, 0% used [0x00000000eab00000,0x00000000eab00000,0x00000000f5580000)
 ParOldGen       total 563712K, used 434824K [0x00000000a0000000, 0x00000000c2680000, 0x00000000e0000000)
  object space 563712K, 77% used [0x00000000a0000000,0x00000000ba8a2288,0x00000000c2680000)
 Metaspace       used 82654K, capacity 87320K, committed 87512K, reserved 1126400K
  class space    used 10510K, capacity 11402K, committed 11520K, reserved 1048576K
}
Event: 510.536 GC heap before
{Heap before GC invocations=78 (full 9):
 PSYoungGen      total 349696K, used 191711K [0x00000000e0000000, 0x0000000100000000, 0x0000000100000000)
  eden space 175104K, 100% used [0x00000000e0000000,0x00000000eab00000,0x00000000eab00000)
  from space 174592K, 9% used [0x00000000f5580000,0x00000000f65b7d30,0x0000000100000000)
  to   space 174592K, 0% used [0x00000000eab00000,0x00000000eab00000,0x00000000f5580000)
 ParOldGen       total 563712K, used 434824K [0x00000000a0000000, 0x00000000c2680000, 0x00000000e0000000)
  object space 563712K, 77% used [0x00000000a0000000,0x00000000ba8a2288,0x00000000c2680000)
 Metaspace       used 82727K, capacity 87390K, committed 87512K, reserved 1126400K
  class space    used 10511K, capacity 11403K, committed 11520K, reserved 1048576K
Event: 510.598 GC heap after
Heap after GC invocations=78 (full 9):
 PSYoungGen      total 349696K, used 19509K [0x00000000e0000000, 0x0000000100000000, 0x0000000100000000)
  eden space 175104K, 0% used [0x00000000e0000000,0x00000000e0000000,0x00000000eab00000)
  from space 174592K, 11% used [0x00000000eab00000,0x00000000ebe0d5e8,0x00000000f5580000)
  to   space 174592K, 0% used [0x00000000f5580000,0x00000000f5580000,0x0000000100000000)
 ParOldGen       total 563712K, used 450951K [0x00000000a0000000, 0x00000000c2680000, 0x00000000e0000000)
  object space 563712K, 79% used [0x00000000a0000000,0x00000000bb861da8,0x00000000c2680000)
 Metaspace       used 82727K, capacity 87390K, committed 87512K, reserved 1126400K
  class space    used 10511K, capacity 11403K, committed 11520K, reserved 1048576K
}
Event: 511.877 GC heap before
{Heap before GC invocations=79 (full 9):
 PSYoungGen      total 349696K, used 194613K [0x00000000e0000000, 0x0000000100000000, 0x0000000100000000)
  eden space 175104K, 100% used [0x00000000e0000000,0x00000000eab00000,0x00000000eab00000)
  from space 174592K, 11% used [0x00000000eab00000,0x00000000ebe0d5e8,0x00000000f5580000)
  to   space 174592K, 0% used [0x00000000f5580000,0x00000000f5580000,0x0000000100000000)
 ParOldGen       total 563712K, used 450951K [0x00000000a0000000, 0x00000000c2680000, 0x00000000e0000000)
  object space 563712K, 79% used [0x00000000a0000000,0x00000000bb861da8,0x00000000c2680000)
 Metaspace       used 82933K, capacity 87626K, committed 87768K, reserved 1126400K
  class space    used 10531K, capacity 11443K, committed 11520K, reserved 1048576K
Event: 512.229 GC heap after
Heap after GC invocations=79 (full 9):
 PSYoungGen      total 348672K, used 44266K [0x00000000e0000000, 0x00000000fff00000, 0x0000000100000000)
  eden space 175104K, 0% used [0x00000000e0000000,0x00000000e0000000,0x00000000eab00000)
  from space 173568K, 25% used [0x00000000f5580000,0x00000000f80ba9e8,0x00000000fff00000)
  to   space 174080K, 0% used [0x00000000eab00000,0x00000000eab00000,0x00000000f5500000)
 ParOldGen       total 563712K, used 469733K [0x00000000a0000000, 0x00000000c2680000, 0x00000000e0000000)
  object space 563712K, 83% used [0x00000000a0000000,0x00000000bcab9688,0x00000000c2680000)
 Metaspace       used 82933K, capacity 87626K, committed 87768K, reserved 1126400K
  class space    used 10531K, capacity 11443K, committed 11520K, reserved 1048576K
}
Event: 516.138 GC heap before
{Heap before GC invocations=80 (full 9):
 PSYoungGen      total 348672K, used 219370K [0x00000000e0000000, 0x00000000fff00000, 0x0000000100000000)
  eden space 175104K, 100% used [0x00000000e0000000,0x00000000eab00000,0x00000000eab00000)
  from space 173568K, 25% used [0x00000000f5580000,0x00000000f80ba9e8,0x00000000fff00000)
  to   space 174080K, 0% used [0x00000000eab00000,0x00000000eab00000,0x00000000f5500000)
 ParOldGen       total 563712K, used 469733K [0x00000000a0000000, 0x00000000c2680000, 0x00000000e0000000)
  object space 563712K, 83% used [0x00000000a0000000,0x00000000bcab9688,0x00000000c2680000)
 Metaspace       used 83591K, capacity 88348K, committed 88536K, reserved 1126400K
  class space    used 10598K, capacity 11510K, committed 11520K, reserved 1048576K
Event: 517.442 GC heap after
Heap after GC invocations=80 (full 9):
 PSYoungGen      total 252416K, used 76867K [0x00000000e0000000, 0x00000000ff980000, 0x0000000100000000)
  eden space 175104K, 0% used [0x00000000e0000000,0x00000000e0000000,0x00000000eab00000)
  from space 77312K, 99% used [0x00000000eab00000,0x00000000ef610e18,0x00000000ef680000)
  to   space 170496K, 0% used [0x00000000f5300000,0x00000000f5300000,0x00000000ff980000)
 ParOldGen       total 563712K, used 469733K [0x00000000a0000000, 0x00000000c2680000, 0x00000000e0000000)
  object space 563712K, 83% used [0x00000000a0000000,0x00000000bcab9688,0x00000000c2680000)
 Metaspace       used 83591K, capacity 88348K, committed 88536K, reserved 1126400K
  class space    used 10598K, capacity 11510K, committed 11520K, reserved 1048576K
}
Event: 518.489 GC heap before
{Heap before GC invocations=81 (full 9):
 PSYoungGen      total 252416K, used 251971K [0x00000000e0000000, 0x00000000ff980000, 0x0000000100000000)
  eden space 175104K, 100% used [0x00000000e0000000,0x00000000eab00000,0x00000000eab00000)
  from space 77312K, 99% used [0x00000000eab00000,0x00000000ef610e18,0x00000000ef680000)
  to   space 170496K, 0% used [0x00000000f5300000,0x00000000f5300000,0x00000000ff980000)
 ParOldGen       total 563712K, used 469733K [0x00000000a0000000, 0x00000000c2680000, 0x00000000e0000000)
  object space 563712K, 83% used [0x00000000a0000000,0x00000000bcab9688,0x00000000c2680000)
 Metaspace       used 83596K, capacity 88348K, committed 88536K, reserved 1126400K
  class space    used 10598K, capacity 11510K, committed 11520K, reserved 1048576K
Event: 518.705 GC heap after
Heap after GC invocations=81 (full 9):
 PSYoungGen      total 343040K, used 132400K [0x00000000e0000000, 0x0000000100000000, 0x0000000100000000)
  eden space 172544K, 0% used [0x00000000e0000000,0x00000000e0000000,0x00000000ea880000)
  from space 170496K, 77% used [0x00000000f5300000,0x00000000fd44c3a0,0x00000000ff980000)
  to   space 174592K, 0% used [0x00000000ea880000,0x00000000ea880000,0x00000000f5300000)
 ParOldGen       total 563712K, used 469741K [0x00000000a0000000, 0x00000000c2680000, 0x00000000e0000000)
  object space 563712K, 83% used [0x00000000a0000000,0x00000000bcabb688,0x00000000c2680000)
 Metaspace       used 83596K, capacity 88348K, committed 88536K, reserved 1126400K
  class space    used 10598K, capacity 11510K, committed 11520K, reserved 1048576K
}
Event: 522.151 GC heap before
{Heap before GC invocations=82 (full 9):
 PSYoungGen      total 343040K, used 304944K [0x00000000e0000000, 0x0000000100000000, 0x0000000100000000)
  eden space 172544K, 100% used [0x00000000e0000000,0x00000000ea880000,0x00000000ea880000)
  from space 170496K, 77% used [0x00000000f5300000,0x00000000fd44c3a0,0x00000000ff980000)
  to   space 174592K, 0% used [0x00000000ea880000,0x00000000ea880000,0x00000000f5300000)
 ParOldGen       total 563712K, used 469741K [0x00000000a0000000, 0x00000000c2680000, 0x00000000e0000000)
  object space 563712K, 83% used [0x00000000a0000000,0x00000000bcabb688,0x00000000c2680000)
 Metaspace       used 83602K, capacity 88348K, committed 88536K, reserved 1126400K
  class space    used 10598K, capacity 11510K, committed 11520K, reserved 1048576K

