# JRE version: Java(TM) SE Runtime Environment (8.0_77-b03) (build 1.8.0_77-b03)
# Java VM: Java HotSpot(TM) 64-Bit Server VM (25.77-b03 mixed mode windows-amd64 compressed oops)
Heap:
 PSYoungGen      total 379392K, used 28685K [0x00000000e0000000, 0x00000000ff200000, 0x0000000100000000)
  eden space 261120K, 0% used [0x00000000e0000000,0x00000000e0000000,0x00000000eff00000)
  from space 118272K, 24% used [0x00000000f7e80000,0x00000000f9a83618,0x00000000ff200000)
  to   space 124416K, 0% used [0x00000000eff00000,0x00000000eff00000,0x00000000f7880000)
 ParOldGen       total 648192K, used 590631K [0x00000000a0000000, 0x00000000c7900000, 0x00000000e0000000)
  object space 648192K, 91% used [0x00000000a0000000,0x00000000c40c9d68,0x00000000c7900000)
 Metaspace       used 88778K, capacity 91840K, committed 93144K, reserved 1130496K
  class space    used 10575K, capacity 11134K, committed 11264K, reserved 1048576K
GC Heap History (10 events):
Event: 4166.525 GC heap after
Heap after GC invocations=125 (full 9):
 PSYoungGen      total 359424K, used 34817K [0x00000000e0000000, 0x00000000ff180000, 0x0000000100000000)
  eden space 222720K, 0% used [0x00000000e0000000,0x00000000e0000000,0x00000000ed980000)
  from space 136704K, 25% used [0x00000000f6c00000,0x00000000f8e006f8,0x00000000ff180000)
  to   space 143360K, 0% used [0x00000000ed980000,0x00000000ed980000,0x00000000f6580000)
 ParOldGen       total 648192K, used 464910K [0x00000000a0000000, 0x00000000c7900000, 0x00000000e0000000)
  object space 648192K, 71% used [0x00000000a0000000,0x00000000bc603930,0x00000000c7900000)
 Metaspace       used 88778K, capacity 91840K, committed 93144K, reserved 1130496K
  class space    used 10575K, capacity 11134K, committed 11264K, reserved 1048576K
}
Event: 4166.847 GC heap before
{Heap before GC invocations=126 (full 9):
 PSYoungGen      total 359424K, used 257537K [0x00000000e0000000, 0x00000000ff180000, 0x0000000100000000)
  eden space 222720K, 100% used [0x00000000e0000000,0x00000000ed980000,0x00000000ed980000)
  from space 136704K, 25% used [0x00000000f6c00000,0x00000000f8e006f8,0x00000000ff180000)
  to   space 143360K, 0% used [0x00000000ed980000,0x00000000ed980000,0x00000000f6580000)
 ParOldGen       total 648192K, used 464910K [0x00000000a0000000, 0x00000000c7900000, 0x00000000e0000000)
  object space 648192K, 71% used [0x00000000a0000000,0x00000000bc603930,0x00000000c7900000)
 Metaspace       used 88778K, capacity 91840K, committed 93144K, reserved 1130496K
  class space    used 10575K, capacity 11134K, committed 11264K, reserved 1048576K
Event: 4166.972 GC heap after
Heap after GC invocations=126 (full 9):
 PSYoungGen      total 366080K, used 32339K [0x00000000e0000000, 0x00000000ffd80000, 0x0000000100000000)
  eden space 222720K, 0% used [0x00000000e0000000,0x00000000e0000000,0x00000000ed980000)
  from space 143360K, 22% used [0x00000000ed980000,0x00000000ef914ce0,0x00000000f6580000)
  to   space 138752K, 0% used [0x00000000f7600000,0x00000000f7600000,0x00000000ffd80000)
 ParOldGen       total 648192K, used 497758K [0x00000000a0000000, 0x00000000c7900000, 0x00000000e0000000)
  object space 648192K, 76% used [0x00000000a0000000,0x00000000be617af8,0x00000000c7900000)
 Metaspace       used 88778K, capacity 91840K, committed 93144K, reserved 1130496K
  class space    used 10575K, capacity 11134K, committed 11264K, reserved 1048576K
}
Event: 4167.313 GC heap before
{Heap before GC invocations=127 (full 9):
 PSYoungGen      total 366080K, used 255059K [0x00000000e0000000, 0x00000000ffd80000, 0x0000000100000000)
  eden space 222720K, 100% used [0x00000000e0000000,0x00000000ed980000,0x00000000ed980000)
  from space 143360K, 22% used [0x00000000ed980000,0x00000000ef914ce0,0x00000000f6580000)
  to   space 138752K, 0% used [0x00000000f7600000,0x00000000f7600000,0x00000000ffd80000)
 ParOldGen       total 648192K, used 497758K [0x00000000a0000000, 0x00000000c7900000, 0x00000000e0000000)
  object space 648192K, 76% used [0x00000000a0000000,0x00000000be617af8,0x00000000c7900000)
 Metaspace       used 88778K, capacity 91840K, committed 93144K, reserved 1130496K
  class space    used 10575K, capacity 11134K, committed 11264K, reserved 1048576K
Event: 4167.455 GC heap after
Heap after GC invocations=127 (full 9):
 PSYoungGen      total 369664K, used 28694K [0x00000000e0000000, 0x00000000ff280000, 0x0000000100000000)
  eden space 242176K, 0% used [0x00000000e0000000,0x00000000e0000000,0x00000000eec80000)
  from space 127488K, 22% used [0x00000000f7600000,0x00000000f9205b10,0x00000000ff280000)
  to   space 134144K, 0% used [0x00000000eec80000,0x00000000eec80000,0x00000000f6f80000)
 ParOldGen       total 648192K, used 529123K [0x00000000a0000000, 0x00000000c7900000, 0x00000000e0000000)
  object space 648192K, 81% used [0x00000000a0000000,0x00000000c04b8d88,0x00000000c7900000)
 Metaspace       used 88778K, capacity 91840K, committed 93144K, reserved 1130496K
  class space    used 10575K, capacity 11134K, committed 11264K, reserved 1048576K
}
Event: 4167.898 GC heap before
{Heap before GC invocations=128 (full 9):
 PSYoungGen      total 369664K, used 270870K [0x00000000e0000000, 0x00000000ff280000, 0x0000000100000000)
  eden space 242176K, 100% used [0x00000000e0000000,0x00000000eec80000,0x00000000eec80000)
  from space 127488K, 22% used [0x00000000f7600000,0x00000000f9205b10,0x00000000ff280000)
  to   space 134144K, 0% used [0x00000000eec80000,0x00000000eec80000,0x00000000f6f80000)
 ParOldGen       total 648192K, used 529123K [0x00000000a0000000, 0x00000000c7900000, 0x00000000e0000000)
  object space 648192K, 81% used [0x00000000a0000000,0x00000000c04b8d88,0x00000000c7900000)
 Metaspace       used 88778K, capacity 91840K, committed 93144K, reserved 1130496K
  class space    used 10575K, capacity 11134K, committed 11264K, reserved 1048576K
Event: 4168.022 GC heap after
Heap after GC invocations=128 (full 9):
 PSYoungGen      total 376320K, used 34624K [0x00000000e0000000, 0x00000000ffc80000, 0x0000000100000000)
  eden space 242176K, 0% used [0x00000000e0000000,0x00000000e0000000,0x00000000eec80000)
  from space 134144K, 25% used [0x00000000eec80000,0x00000000f0e50000,0x00000000f6f80000)
  to   space 129024K, 0% used [0x00000000f7e80000,0x00000000f7e80000,0x00000000ffc80000)
 ParOldGen       total 648192K, used 557057K [0x00000000a0000000, 0x00000000c7900000, 0x00000000e0000000)
  object space 648192K, 85% used [0x00000000a0000000,0x00000000c2000690,0x00000000c7900000)
 Metaspace       used 88778K, capacity 91840K, committed 93144K, reserved 1130496K
  class space    used 10575K, capacity 11134K, committed 11264K, reserved 1048576K
}
Event: 4168.582 GC heap before
{Heap before GC invocations=129 (full 9):
 PSYoungGen      total 376320K, used 276800K [0x00000000e0000000, 0x00000000ffc80000, 0x0000000100000000)
  eden space 242176K, 100% used [0x00000000e0000000,0x00000000eec80000,0x00000000eec80000)
  from space 134144K, 25% used [0x00000000eec80000,0x00000000f0e50000,0x00000000f6f80000)
  to   space 129024K, 0% used [0x00000000f7e80000,0x00000000f7e80000,0x00000000ffc80000)
 ParOldGen       total 648192K, used 557057K [0x00000000a0000000, 0x00000000c7900000, 0x00000000e0000000)
  object space 648192K, 85% used [0x00000000a0000000,0x00000000c2000690,0x00000000c7900000)
 Metaspace       used 88778K, capacity 91840K, committed 93144K, reserved 1130496K
  class space    used 10575K, capacity 11134K, committed 11264K, reserved 1048576K
Event: 4168.717 GC heap after
Heap after GC invocations=129 (full 9):
 PSYoungGen      total 379392K, used 28685K [0x00000000e0000000, 0x00000000ff200000, 0x0000000100000000)
  eden space 261120K, 0% used [0x00000000e0000000,0x00000000e0000000,0x00000000eff00000)
  from space 118272K, 24% used [0x00000000f7e80000,0x00000000f9a83618,0x00000000ff200000)
  to   space 124416K, 0% used [0x00000000eff00000,0x00000000eff00000,0x00000000f7880000)
 ParOldGen       total 648192K, used 590631K [0x00000000a0000000, 0x00000000c7900000, 0x00000000e0000000)
  object space 648192K, 91% used [0x00000000a0000000,0x00000000c40c9d68,0x00000000c7900000)
 Metaspace       used 88778K, capacity 91840K, committed 93144K, reserved 1130496K
  class space    used 10575K, capacity 11134K, committed 11264K, reserved 1048576K
}
Event: 4168.717 GC heap before
{Heap before GC invocations=130 (full 10):
 PSYoungGen      total 379392K, used 28685K [0x00000000e0000000, 0x00000000ff200000, 0x0000000100000000)
  eden space 261120K, 0% used [0x00000000e0000000,0x00000000e0000000,0x00000000eff00000)
  from space 118272K, 24% used [0x00000000f7e80000,0x00000000f9a83618,0x00000000ff200000)
  to   space 124416K, 0% used [0x00000000eff00000,0x00000000eff00000,0x00000000f7880000)
 ParOldGen       total 648192K, used 590631K [0x00000000a0000000, 0x00000000c7900000, 0x00000000e0000000)
  object space 648192K, 91% used [0x00000000a0000000,0x00000000c40c9d68,0x00000000c7900000)
 Metaspace       used 88778K, capacity 91840K, committed 93144K, reserved 1130496K
  class space    used 10575K, capacity 11134K, committed 11264K, reserved 1048576K

